1674535865404	geckodriver	INFO	Listening on 127.0.0.1:49295
1674535868469	mozrunner::runner	INFO	Running command: "C:\\Program Files\\Mozilla Firefox\\firefox.exe" "--marionette" "--remote-debugging-port" "49296" "--remote-allow-hosts" "localhost" "-no-remote" "-profile" "C:\\Users\\40032118\\AppData\\Local\\Temp\\rust_mozprofile7vNaCh"
1674535869209	Marionette	INFO	Marionette enabled
console.warn: SearchSettings: "get: No settings file exists, new profile?" (new NotFoundError("Could not open the file at C:\\Users\\40032118\\AppData\\Local\\Temp\\rust_mozprofile7vNaCh\\search.json.mozlz4", (void 0)))
DevTools listening on ws://localhost:49296/devtools/browser/db3eff71-8397-4a94-ad0a-ab7e63fcbf81
1674535872983	Marionette	INFO	Listening on port 49319
Read port: 49319
Read port: 49319
1674535874256	RemoteAgent	WARN	TLS certificate errors will be ignored for this session
console.warn: LoginRecipes: "getRecipes: falling back to a synchronous message for:" "http://demo.openemr.io"
JavaScript error: resource://gre/modules/LoginManagerParent.jsm, line 136: TypeError: gRecipeManager is null
console.warn: LoginRecipes: "getRecipes: falling back to a synchronous message for:" "http://demo.openemr.io"
JavaScript error: resource://gre/modules/LoginManagerParent.jsm, line 136: TypeError: gRecipeManager is null
console.warn: LoginRecipes: "getRecipes: falling back to a synchronous message for:" "http://demo.openemr.io"
JavaScript error: resource://gre/modules/LoginManagerParent.jsm, line 136: TypeError: gRecipeManager is null
console.warn: LoginRecipes: "getRecipes: falling back to a synchronous message for:" "http://demo.openemr.io"
JavaScript error: resource://gre/modules/LoginManagerParent.jsm, line 136: TypeError: gRecipeManager is null
JavaScript error: http://demo.openemr.io/b/openemr/library/js/utility.js?v=71, line 86: Error: Script load error for /b/openemr/public/assets/interactjs/dist/interact.js
1674535898932	Marionette	WARN	Ignoring event 'DOMContentLoaded' because document has an invalid readyState of 'complete'.
JavaScript error: chrome://remote/content/marionette/actors/MarionetteCommandsParent.jsm, line 332: TypeError: browsingContext.currentWindowGlobal is null
1674536174436	Marionette	INFO	Stopped listening on port 49319
console.warn: TopSitesFeed: Failed to fetch data from Contile server: NetworkError when attempting to fetch resource.
